<?xml version="1.0" encoding="UTF-8"?>
<robot generator="Robot 3.2.2 (Python 3.9.1 on win32)" generated="20210127 17:00:02.347" rpa="false">
<suite id="s1" name="AppiumProject" source="C:\RobotFramework\robot_workspace\AppiumProject">
<suite id="s1-s1" name="Final" source="C:\RobotFramework\robot_workspace\AppiumProject\final">
<suite id="s1-s1-s1" name="Verify App" source="C:\RobotFramework\robot_workspace\AppiumProject\final\verify_app.robot">
<test id="s1-s1-s1-t1" name="TC1_VerifyApp">
<kw name="Open Application" library="AppiumLibrary">
<doc>Opens a new application to given Appium server.
Capabilities of appium server, Android and iOS,
Please check https://github.com/appium/appium/blob/master/docs/en/writing-running-appium/server-args.md
| *Option*            | *Man.* | *Description*     |
| remote_url          | Yes    | Appium server url |
| alias               | no     | alias             |</doc>
<arguments>
<arg>http://localhost:4723/wd/hub</arg>
<arg>platformName=android</arg>
<arg>deviceName=asus</arg>
<arg>appPackage=com.bottleworks.dailymoney</arg>
<arg>appActivity=com.colaorange.dailymoney.ui.DesktopActivity</arg>
<arg>noReset=True</arg>
</arguments>
<status status="PASS" starttime="20210127 17:00:02.747" endtime="20210127 17:00:13.944"></status>
</kw>
<kw name="Set Appium Timeout" library="AppiumLibrary">
<doc>Sets the timeout in seconds used by various keywords.</doc>
<arguments>
<arg>40s</arg>
</arguments>
<status status="PASS" starttime="20210127 17:00:13.944" endtime="20210127 17:00:13.945"></status>
</kw>
<kw name="Click Element" library="AppiumLibrary">
<doc>Click element identified by `locator`.</doc>
<arguments>
<arg>//*[@text='Add Detail']</arg>
</arguments>
<msg timestamp="20210127 17:00:13.947" level="INFO">Clicking element '//*[@text='Add Detail']'.</msg>
<status status="PASS" starttime="20210127 17:00:13.946" endtime="20210127 17:00:14.654"></status>
</kw>
<kw name="Click Element" library="AppiumLibrary">
<doc>Click element identified by `locator`.</doc>
<arguments>
<arg>//*[@text='Asset-Ashtro']</arg>
</arguments>
<msg timestamp="20210127 17:00:14.656" level="INFO">Clicking element '//*[@text='Asset-Ashtro']'.</msg>
<status status="PASS" starttime="20210127 17:00:14.655" endtime="20210127 17:00:15.491"></status>
</kw>
<kw name="Wait Until Page Contains Element" library="AppiumLibrary">
<doc>Waits until element specified with `locator` appears on current page.</doc>
<arguments>
<arg>//*[@text='Income - Salary']</arg>
</arguments>
<status status="PASS" starttime="20210127 17:00:15.491" endtime="20210127 17:00:16.383"></status>
</kw>
<kw name="Click Element" library="AppiumLibrary">
<doc>Click element identified by `locator`.</doc>
<arguments>
<arg>//*[@text='Income - Salary']</arg>
</arguments>
<msg timestamp="20210127 17:00:16.386" level="INFO">Clicking element '//*[@text='Income - Salary']'.</msg>
<status status="PASS" starttime="20210127 17:00:16.384" endtime="20210127 17:00:17.096"></status>
</kw>
<kw name="Click Element" library="AppiumLibrary">
<doc>Click element identified by `locator`.</doc>
<arguments>
<arg>//*[@text='Expense-Entertainment']</arg>
</arguments>
<msg timestamp="20210127 17:00:17.099" level="INFO">Clicking element '//*[@text='Expense-Entertainment']'.</msg>
<status status="PASS" starttime="20210127 17:00:17.097" endtime="20210127 17:00:17.250"></status>
</kw>
<kw name="Wait Until Page Contains Element" library="AppiumLibrary">
<doc>Waits until element specified with `locator` appears on current page.</doc>
<arguments>
<arg>//*[@text='Personal']</arg>
</arguments>
<status status="PASS" starttime="20210127 17:00:17.250" endtime="20210127 17:00:18.147"></status>
</kw>
<kw name="Click Element" library="AppiumLibrary">
<doc>Click element identified by `locator`.</doc>
<arguments>
<arg>//*[@text='Personal']</arg>
</arguments>
<msg timestamp="20210127 17:00:18.149" level="INFO">Clicking element '//*[@text='Personal']'.</msg>
<status status="PASS" starttime="20210127 17:00:18.147" endtime="20210127 17:00:18.267"></status>
</kw>
<kw name="Click Element" library="AppiumLibrary">
<doc>Click element identified by `locator`.</doc>
<arguments>
<arg>xpath=//*[@resource-id='com.bottleworks.dailymoney:id/deteditor_prev']</arg>
</arguments>
<msg timestamp="20210127 17:00:18.269" level="INFO">Clicking element 'xpath=//*[@resource-id='com.bottleworks.dailymoney:id/deteditor_prev']'.</msg>
<status status="PASS" starttime="20210127 17:00:18.267" endtime="20210127 17:00:18.917"></status>
</kw>
<kw name="Click Element" library="AppiumLibrary">
<doc>Click element identified by `locator`.</doc>
<arguments>
<arg>xpath=//*[@resource-id='com.bottleworks.dailymoney:id/deteditor_prev']</arg>
</arguments>
<msg timestamp="20210127 17:00:18.920" level="INFO">Clicking element 'xpath=//*[@resource-id='com.bottleworks.dailymoney:id/deteditor_prev']'.</msg>
<status status="PASS" starttime="20210127 17:00:18.918" endtime="20210127 17:00:19.501"></status>
</kw>
<kw name="Input Text" library="AppiumLibrary">
<doc>Types the given `text` into text field identified by `locator`.</doc>
<arguments>
<arg>xpath=//*[@resource-id='com.bottleworks.dailymoney:id/deteditor_money']</arg>
<arg>102000</arg>
</arguments>
<msg timestamp="20210127 17:00:19.503" level="INFO">Typing text '102000' into text field 'xpath=//*[@resource-id='com.bottleworks.dailymoney:id/deteditor_money']'</msg>
<status status="PASS" starttime="20210127 17:00:19.502" endtime="20210127 17:00:20.031"></status>
</kw>
<kw name="Input Text" library="AppiumLibrary">
<doc>Types the given `text` into text field identified by `locator`.</doc>
<arguments>
<arg>xpath=//*[@resource-id='com.bottleworks.dailymoney:id/deteditor_note']</arg>
<arg>Expense of 25th Jan</arg>
</arguments>
<msg timestamp="20210127 17:00:20.033" level="INFO">Typing text 'Expense of 25th Jan' into text field 'xpath=//*[@resource-id='com.bottleworks.dailymoney:id/deteditor_note']'</msg>
<status status="PASS" starttime="20210127 17:00:20.032" endtime="20210127 17:00:20.631"></status>
</kw>
<kw name="Click Element" library="AppiumLibrary">
<doc>Click element identified by `locator`.</doc>
<arguments>
<arg>//*[@text='CREATE']</arg>
</arguments>
<msg timestamp="20210127 17:00:20.633" level="INFO">Clicking element '//*[@text='CREATE']'.</msg>
<status status="PASS" starttime="20210127 17:00:20.632" endtime="20210127 17:00:21.235"></status>
</kw>
<kw name="Click Element" library="AppiumLibrary">
<doc>Click element identified by `locator`.</doc>
<arguments>
<arg>//*[@text='CLOSE']</arg>
</arguments>
<msg timestamp="20210127 17:00:21.238" level="INFO">Clicking element '//*[@text='CLOSE']'.</msg>
<status status="PASS" starttime="20210127 17:00:21.236" endtime="20210127 17:00:21.934"></status>
</kw>
<kw name="Wait Until Page Contains Element" library="AppiumLibrary">
<doc>Waits until element specified with `locator` appears on current page.</doc>
<arguments>
<arg>//*[@text='Weekly list']</arg>
</arguments>
<status status="PASS" starttime="20210127 17:00:21.935" endtime="20210127 17:00:22.676"></status>
</kw>
<kw name="Click Element" library="AppiumLibrary">
<doc>Click element identified by `locator`.</doc>
<arguments>
<arg>//*[@text='Weekly list']</arg>
</arguments>
<msg timestamp="20210127 17:00:22.678" level="INFO">Clicking element '//*[@text='Weekly list']'.</msg>
<status status="PASS" starttime="20210127 17:00:22.676" endtime="20210127 17:00:23.985"></status>
</kw>
<kw name="Go Back" library="AppiumLibrary">
<doc>Goes one step backward in the browser history.</doc>
<status status="PASS" starttime="20210127 17:00:23.986" endtime="20210127 17:00:24.055"></status>
</kw>
<kw name="Wait Until Page Contains Element" library="AppiumLibrary">
<doc>Waits until element specified with `locator` appears on current page.</doc>
<arguments>
<arg>//*[@text='Accounts']</arg>
</arguments>
<status status="PASS" starttime="20210127 17:00:24.056" endtime="20210127 17:00:25.143"></status>
</kw>
<kw name="Click Element" library="AppiumLibrary">
<doc>Click element identified by `locator`.</doc>
<arguments>
<arg>//*[@text='Accounts']</arg>
</arguments>
<msg timestamp="20210127 17:00:25.146" level="INFO">Clicking element '//*[@text='Accounts']'.</msg>
<status status="PASS" starttime="20210127 17:00:25.144" endtime="20210127 17:00:25.301"></status>
</kw>
<kw name="Click Element" library="AppiumLibrary">
<doc>Click element identified by `locator`.</doc>
<arguments>
<arg>//*[@content-desc='More options']</arg>
</arguments>
<msg timestamp="20210127 17:00:25.303" level="INFO">Clicking element '//*[@content-desc='More options']'.</msg>
<status status="PASS" starttime="20210127 17:00:25.301" endtime="20210127 17:00:26.078"></status>
</kw>
<kw name="Wait Until Page Contains Element" library="AppiumLibrary">
<doc>Waits until element specified with `locator` appears on current page.</doc>
<arguments>
<arg>//*[@text='New']</arg>
</arguments>
<status status="PASS" starttime="20210127 17:00:26.079" endtime="20210127 17:00:26.957"></status>
</kw>
<kw name="Click Element" library="AppiumLibrary">
<doc>Click element identified by `locator`.</doc>
<arguments>
<arg>//*[@text='New']</arg>
</arguments>
<msg timestamp="20210127 17:00:26.959" level="INFO">Clicking element '//*[@text='New']'.</msg>
<status status="PASS" starttime="20210127 17:00:26.958" endtime="20210127 17:00:27.857"></status>
</kw>
<kw name="Input Text" library="AppiumLibrary">
<doc>Types the given `text` into text field identified by `locator`.</doc>
<arguments>
<arg>xpath=//*[@resource-id='com.bottleworks.dailymoney:id/acceditor_name']</arg>
<arg>Ashtro3</arg>
</arguments>
<msg timestamp="20210127 17:00:27.859" level="INFO">Typing text 'Ashtro3' into text field 'xpath=//*[@resource-id='com.bottleworks.dailymoney:id/acceditor_name']'</msg>
<status status="PASS" starttime="20210127 17:00:27.858" endtime="20210127 17:00:27.967"></status>
</kw>
<kw name="Click Element" library="AppiumLibrary">
<doc>Click element identified by `locator`.</doc>
<arguments>
<arg>//*[@text='Income']</arg>
</arguments>
<msg timestamp="20210127 17:00:27.969" level="INFO">Clicking element '//*[@text='Income']'.</msg>
<status status="PASS" starttime="20210127 17:00:27.968" endtime="20210127 17:00:28.924"></status>
</kw>
<kw name="Wait Until Page Contains Element" library="AppiumLibrary">
<doc>Waits until element specified with `locator` appears on current page.</doc>
<arguments>
<arg>//*[@text='Asset']</arg>
</arguments>
<status status="PASS" starttime="20210127 17:00:28.925" endtime="20210127 17:00:29.008"></status>
</kw>
<kw name="Click Element" library="AppiumLibrary">
<doc>Click element identified by `locator`.</doc>
<arguments>
<arg>//*[@text='Asset']</arg>
</arguments>
<msg timestamp="20210127 17:00:29.010" level="INFO">Clicking element '//*[@text='Asset']'.</msg>
<status status="PASS" starttime="20210127 17:00:29.008" endtime="20210127 17:00:30.363"></status>
</kw>
<kw name="Input Text" library="AppiumLibrary">
<doc>Types the given `text` into text field identified by `locator`.</doc>
<arguments>
<arg>//*[@text='0']</arg>
<arg>500000</arg>
</arguments>
<msg timestamp="20210127 17:00:30.365" level="INFO">Typing text '500000' into text field '//*[@text='0']'</msg>
<status status="PASS" starttime="20210127 17:00:30.364" endtime="20210127 17:00:30.974"></status>
</kw>
<kw name="Click Element" library="AppiumLibrary">
<doc>Click element identified by `locator`.</doc>
<arguments>
<arg>xpath=//*[@resource-id='com.bottleworks.dailymoney:id/acceditor_cash_account']</arg>
</arguments>
<msg timestamp="20210127 17:00:30.977" level="INFO">Clicking element 'xpath=//*[@resource-id='com.bottleworks.dailymoney:id/acceditor_cash_account']'.</msg>
<status status="PASS" starttime="20210127 17:00:30.975" endtime="20210127 17:00:31.546"></status>
</kw>
<kw name="Click Element" library="AppiumLibrary">
<doc>Click element identified by `locator`.</doc>
<arguments>
<arg>//*[@text='CREATE']</arg>
</arguments>
<msg timestamp="20210127 17:00:31.548" level="INFO">Clicking element '//*[@text='CREATE']'.</msg>
<status status="PASS" starttime="20210127 17:00:31.547" endtime="20210127 17:00:32.088"></status>
</kw>
<kw name="Click Element" library="AppiumLibrary">
<doc>Click element identified by `locator`.</doc>
<arguments>
<arg>//*[@text='CLOSE']</arg>
</arguments>
<msg timestamp="20210127 17:00:32.090" level="INFO">Clicking element '//*[@text='CLOSE']'.</msg>
<status status="PASS" starttime="20210127 17:00:32.089" endtime="20210127 17:00:32.809"></status>
</kw>
<kw name="Go Back" library="AppiumLibrary">
<doc>Goes one step backward in the browser history.</doc>
<status status="PASS" starttime="20210127 17:00:32.810" endtime="20210127 17:00:32.939"></status>
</kw>
<kw name="Get Text" library="AppiumLibrary">
<doc>Get element text (for hybrid and mobile browser use `xpath` locator, others might cause problem)</doc>
<arguments>
<arg>xpath=//*[@resource-id='com.bottleworks.dailymoney:id/dt_info_monthly_expense']</arg>
</arguments>
<assign>
<var>${monthly_total}</var>
</assign>
<msg timestamp="20210127 17:00:34.069" level="INFO">Element 'xpath=//*[@resource-id='com.bottleworks.dailymoney:id/dt_info_monthly_expense']' text is 'Monthly : $510,000' </msg>
<msg timestamp="20210127 17:00:34.070" level="INFO">${monthly_total} = Monthly : $510,000</msg>
<status status="PASS" starttime="20210127 17:00:32.940" endtime="20210127 17:00:34.070"></status>
</kw>
<kw name="Log To Console" library="BuiltIn">
<doc>Logs the given message to the console.</doc>
<arguments>
<arg>${monthly_total}</arg>
</arguments>
<status status="PASS" starttime="20210127 17:00:34.070" endtime="20210127 17:00:34.071"></status>
</kw>
<kw name="Get Text" library="AppiumLibrary">
<doc>Get element text (for hybrid and mobile browser use `xpath` locator, others might cause problem)</doc>
<arguments>
<arg>xpath=//*[@resource-id='com.bottleworks.dailymoney:id/dt_info_cumulative_cash']</arg>
</arguments>
<assign>
<var>${remain_total}</var>
</assign>
<msg timestamp="20210127 17:00:34.195" level="INFO">Element 'xpath=//*[@resource-id='com.bottleworks.dailymoney:id/dt_info_cumulative_cash']' text is 'Cash : $1,500,858' </msg>
<msg timestamp="20210127 17:00:34.196" level="INFO">${remain_total} = Cash : $1,500,858</msg>
<status status="PASS" starttime="20210127 17:00:34.072" endtime="20210127 17:00:34.196"></status>
</kw>
<kw name="Log To Console" library="BuiltIn">
<doc>Logs the given message to the console.</doc>
<arguments>
<arg>${remain_total}</arg>
</arguments>
<status status="PASS" starttime="20210127 17:00:34.196" endtime="20210127 17:00:34.197"></status>
</kw>
<status status="PASS" starttime="20210127 17:00:02.746" endtime="20210127 17:00:34.197" critical="yes"></status>
</test>
<status status="PASS" starttime="20210127 17:00:02.494" endtime="20210127 17:00:34.198"></status>
</suite>
<status status="PASS" starttime="20210127 17:00:02.489" endtime="20210127 17:00:34.201"></status>
</suite>
<status status="PASS" starttime="20210127 17:00:02.453" endtime="20210127 17:00:34.203"></status>
</suite>
<statistics>
<total>
<stat pass="1" fail="0">Critical Tests</stat>
<stat pass="1" fail="0">All Tests</stat>
</total>
<tag>
</tag>
<suite>
<stat pass="1" fail="0" id="s1" name="AppiumProject">AppiumProject</stat>
<stat pass="1" fail="0" id="s1-s1" name="Final">AppiumProject.Final</stat>
<stat pass="1" fail="0" id="s1-s1-s1" name="Verify App">AppiumProject.Final.Verify App</stat>
</suite>
</statistics>
<errors>
</errors>
</robot>
